<?xml version="1.0" encoding="UTF-8"?>
<testng-results ignored="0" total="1" passed="1" failed="0" skipped="0">
  <reporter-output>
  </reporter-output>
  <suite started-at="2020-12-22T13:17:55 EST" name="Surefire suite" finished-at="2020-12-22T13:17:55 EST" duration-ms="25">
    <groups>
    </groups>
    <test started-at="2020-12-22T13:17:55 EST" name="Surefire test" finished-at="2020-12-22T13:17:55 EST" duration-ms="25">
      <class name="nitikag.Selenium.AppTest">
        <test-method signature="shouldAnswerWithTrue()" started-at="2020-12-22T13:17:55 EST" name="shouldAnswerWithTrue" finished-at="2020-12-22T13:17:55 EST" duration-ms="3" status="PASS">
          <reporter-output>
          </reporter-output>
        </test-method> <!-- shouldAnswerWithTrue -->
      </class> <!-- nitikag.Selenium.AppTest -->
    </test> <!-- Surefire test -->
  </suite> <!-- Surefire suite -->
</testng-results>
