<?xml version="1.0" encoding="UTF-8"?>
<!-- Generated by org.testng.reporters.JUnitXMLReporter -->
<testsuite ignored="0" hostname="NitikaLaptop-7A4OFMP0" failures="0" tests="3" name="Surefire test" time="33.414" errors="0" timestamp="2020-12-22T13:17:55 EST">
  <testcase classname="nitikag.Selenium.HomePageTest" name="basePageNavigation" time="3.186"/>
  <testcase classname="nitikag.Selenium.ValidateNavigationBarTest" name="basePageNavigation" time="0.096"/>
  <testcase classname="nitikag.Selenium.ValiDateTitleTest" name="basePageNavigation" time="0.052"/>
</testsuite> <!-- Surefire test -->
