<?xml version="1.0" encoding="UTF-8"?>
<testng-results ignored="0" total="3" passed="3" failed="0" skipped="0">
  <reporter-output>
  </reporter-output>
  <suite started-at="2020-12-22T13:17:21 EST" name="Surefire suite" finished-at="2020-12-22T13:17:55 EST" duration-ms="33414">
    <groups>
    </groups>
    <test started-at="2020-12-22T13:17:21 EST" name="Surefire test" finished-at="2020-12-22T13:17:55 EST" duration-ms="33414">
      <class name="nitikag.Selenium.ValiDateTitleTest">
        <test-method is-config="true" signature="initialize()[pri:0, instance:nitikag.Selenium.ValiDateTitleTest@4d339552]" started-at="2020-12-22T13:17:30 EST" name="initialize" finished-at="2020-12-22T13:17:38 EST" duration-ms="8061" status="PASS">
          <reporter-output>
          </reporter-output>
        </test-method> <!-- initialize -->
        <test-method signature="basePageNavigation()[pri:0, instance:nitikag.Selenium.ValiDateTitleTest@4d339552]" started-at="2020-12-22T13:17:54 EST" name="basePageNavigation" finished-at="2020-12-22T13:17:54 EST" duration-ms="52" status="PASS">
          <reporter-output>
          </reporter-output>
        </test-method> <!-- basePageNavigation -->
        <test-method is-config="true" signature="teardown()[pri:0, instance:nitikag.Selenium.ValiDateTitleTest@4d339552]" started-at="2020-12-22T13:17:55 EST" name="teardown" finished-at="2020-12-22T13:17:55 EST" duration-ms="72" status="PASS">
          <reporter-output>
          </reporter-output>
        </test-method> <!-- teardown -->
      </class> <!-- nitikag.Selenium.ValiDateTitleTest -->
      <class name="nitikag.Selenium.ValidateNavigationBarTest">
        <test-method is-config="true" signature="initialize()[pri:0, instance:nitikag.Selenium.ValidateNavigationBarTest@3f200884]" started-at="2020-12-22T13:17:38 EST" name="initialize" finished-at="2020-12-22T13:17:51 EST" duration-ms="13160" status="PASS">
          <reporter-output>
          </reporter-output>
        </test-method> <!-- initialize -->
        <test-method signature="basePageNavigation()[pri:0, instance:nitikag.Selenium.ValidateNavigationBarTest@3f200884]" started-at="2020-12-22T13:17:54 EST" name="basePageNavigation" finished-at="2020-12-22T13:17:54 EST" duration-ms="96" status="PASS">
          <reporter-output>
          </reporter-output>
        </test-method> <!-- basePageNavigation -->
        <test-method is-config="true" signature="teardown()[pri:0, instance:nitikag.Selenium.ValidateNavigationBarTest@3f200884]" started-at="2020-12-22T13:17:55 EST" name="teardown" finished-at="2020-12-22T13:17:55 EST" duration-ms="59" status="PASS">
          <reporter-output>
          </reporter-output>
        </test-method> <!-- teardown -->
      </class> <!-- nitikag.Selenium.ValidateNavigationBarTest -->
      <class name="nitikag.Selenium.HomePageTest">
        <test-method is-config="true" signature="initialize()[pri:0, instance:nitikag.Selenium.HomePageTest@69b794e2]" started-at="2020-12-22T13:17:21 EST" name="initialize" finished-at="2020-12-22T13:17:30 EST" duration-ms="8596" status="PASS">
          <reporter-output>
          </reporter-output>
        </test-method> <!-- initialize -->
        <test-method signature="basePageNavigation(java.lang.String, java.lang.String, java.lang.String)[pri:0, instance:nitikag.Selenium.HomePageTest@69b794e2]" started-at="2020-12-22T13:17:51 EST" name="basePageNavigation" data-provider="getData" finished-at="2020-12-22T13:17:54 EST" duration-ms="3186" status="PASS">
          <params>
            <param index="0">
              <value>
                <![CDATA[nonrestricteduser@qwerty.com]]>
              </value>
            </param>
            <param index="1">
              <value>
                <![CDATA[12345]]>
              </value>
            </param>
            <param index="2">
              <value>
                <![CDATA[Restricted User]]>
              </value>
            </param>
          </params>
          <reporter-output>
          </reporter-output>
        </test-method> <!-- basePageNavigation -->
        <test-method is-config="true" signature="teardown()[pri:0, instance:nitikag.Selenium.HomePageTest@69b794e2]" started-at="2020-12-22T13:17:54 EST" name="teardown" finished-at="2020-12-22T13:17:55 EST" duration-ms="71" status="PASS">
          <reporter-output>
          </reporter-output>
        </test-method> <!-- teardown -->
      </class> <!-- nitikag.Selenium.HomePageTest -->
    </test> <!-- Surefire test -->
  </suite> <!-- Surefire suite -->
</testng-results>
