<?xml version="1.0" encoding="UTF-8"?>
<!-- Generated by org.testng.reporters.JUnitXMLReporter -->
<testsuite ignored="0" hostname="NitikaLaptop-7A4OFMP0" failures="0" tests="4" name="Test" time="57.022" errors="0" timestamp="2021-01-08T18:03:59 EST">
  <testcase classname="nitikag.Selenium.ValiDateTitleTest" name="basePageNavigation" time="0.076"/>
  <testcase classname="nitikag.Selenium.ValidateNavigationBarTest" name="basePageNavigation" time="0.104"/>
  <testcase classname="nitikag.Selenium.HomePageTest" name="basePageNavigation" time="17.463"/>
  <testcase classname="nitikag.Selenium.HomePageTest" name="basePageNavigation" time="12.933"/>
</testsuite> <!-- Test -->
