<?xml version="1.0" encoding="UTF-8"?>
<!-- Generated by org.testng.reporters.JUnitXMLReporter -->
<testsuite ignored="0" hostname="NitikaLaptop-7A4OFMP0" failures="0" tests="2" name="Validating User Login" time="29.888" errors="0" timestamp="2021-01-14T11:04:09 EST">
  <testcase classname="nitikag.Selenium.HomePageTest" name="basePageNavigation" time="13.127"/>
  <testcase classname="nitikag.Selenium.HomePageTest" name="basePageNavigation" time="12.245"/>
</testsuite> <!-- Validating User Login -->
