<?xml version="1.0" encoding="UTF-8"?>
<!-- Generated by org.testng.reporters.JUnitXMLReporter -->
<testsuite ignored="0" hostname="NitikaLaptop-7A4OFMP0" failures="2" tests="2" name="Validating title in the page" time="10.423" errors="0" timestamp="2021-01-14T11:03:50 EST">
  <testcase classname="nitikag.Selenium.ValiDateTitleTest" name="basePageNavigation" time="0.038">
    <failure type="java.lang.AssertionError" message="expected [FEATURED COURSES123] but found [FEATURED COURSES]">
      <![CDATA[java.lang.AssertionError: expected [FEATURED COURSES123] but found [FEATURED COURSES]
at nitikag.Selenium.ValiDateTitleTest.basePageNavigation(ValiDateTitleTest.java:43)
at java.base/java.util.ArrayList.forEach(ArrayList.java:1511)
at java.base/java.util.concurrent.FutureTask.run(FutureTask.java:264)
at java.base/java.util.concurrent.ThreadPoolExecutor.runWorker(ThreadPoolExecutor.java:1130)
at java.base/java.util.concurrent.ThreadPoolExecutor$Worker.run(ThreadPoolExecutor.java:630)
at java.base/java.lang.Thread.run(Thread.java:832)
... Removed 24 stack frames]]>
    </failure>
  </testcase> <!-- basePageNavigation -->
  <testcase classname="nitikag.Selenium.ValiDateTitleTest" name="validateHeader" time="0.023">
    <failure type="java.lang.AssertionError" message="expected [An Academy to learn Everything about Testing] but found [AN ACADEMY TO LEARN EVERYTHING ABOUT TESTING]">
      <![CDATA[java.lang.AssertionError: expected [An Academy to learn Everything about Testing] but found [AN ACADEMY TO LEARN EVERYTHING ABOUT TESTING]
at nitikag.Selenium.ValiDateTitleTest.validateHeader(ValiDateTitleTest.java:50)
at java.base/java.util.ArrayList.forEach(ArrayList.java:1511)
at java.base/java.util.concurrent.FutureTask.run(FutureTask.java:264)
at java.base/java.util.concurrent.ThreadPoolExecutor.runWorker(ThreadPoolExecutor.java:1130)
at java.base/java.util.concurrent.ThreadPoolExecutor$Worker.run(ThreadPoolExecutor.java:630)
at java.base/java.lang.Thread.run(Thread.java:832)
... Removed 24 stack frames]]>
    </failure>
  </testcase> <!-- validateHeader -->
</testsuite> <!-- Validating title in the page -->
