<?xml version="1.0" encoding="UTF-8"?>
<testsuite xmlns:xsi="http://www.w3.org/2001/XMLSchema-instance" xsi:noNamespaceSchemaLocation="https://maven.apache.org/surefire/maven-surefire-plugin/xsd/surefire-test-report-3.0.xsd" version="3.0" name="TestSuite" time="30.375" tests="5" errors="0" skipped="0" failures="2">
  <properties>
[...]
</properties>
  <testcase name="basePageNavigation" classname="nitikag.Selenium.ValiDateTitleTest" time="0.038">
    <failure message="expected [FEATURED COURSES123] but found [FEATURED COURSES]" type="java.lang.AssertionError"><![CDATA[java.lang.AssertionError: expected [FEATURED COURSES123] but found [FEATURED COURSES]
	at nitikag.Selenium.ValiDateTitleTest.basePageNavigation(ValiDateTitleTest.java:43)
]]></failure>
    <system-out><![CDATA[chrome
chrome
chrome
]]></system-out>
    <system-err><![CDATA[SLF4J: Failed to load class "org.slf4j.impl.StaticLoggerBinder".
SLF4J: Defaulting to no-operation (NOP) logger implementation
SLF4J: See http://www.slf4j.org/codes.html#StaticLoggerBinder for further details.
StartSitng aChrrtoimnegD rCihvreorm e87Dr.i0.v4e2r80 .8878. 0(.8492e8203.8808 a3(e8396ec23346840ba5d3de13360c2334496b4b51d3d812350429329409db-1r3e8f2s5/4b9ra2n9c0hd--hreeafdss//b4r2a80n@c{h#-1h7e6a1d}s) o/n 4p2o8r0t@ {33#713776
1}On)l y olnoc apl ocrotn n7e8ct8i3ons
 Oanrel y laolclaolw ecdo.nn
Peclteiaosne ss eaer eh ttaplsl:/o/wced.hro
mPelderaisvee r.sceher omhitutmp.so:r/g//scehcruormietdyr-icvoenrs.idcehrartoimoinus mf.oorr gs/usgegecsutriiotnSyst- aocrno tnkiseniegdp ieCnrhgar toCimhoernoDrmiesvD refirovr e 8rs7 us.ga0gf.ee42.s8t0
i.o8n8s ( 8o9ne 23k8e0ae3pei36ncg3 4C6h4rb5odmde1D30r2i34v9ebr13 8s2a5f4e9.290
d-refs/branch-heads/4280@{#1761}) on port 3350
Only local connections are allowed.
Please see https://chromedriver.chromium.org/security-considerations for suggestions on keeping ChromeDriver safe.
ChroCmherDormievDerr ivwear sw asst arsttead rstuecdc seuscscfesulsfluyl.l
y.
ChromeDriver was started successfully.
Jan. 14, 2021 11:03:44 A.M. org.openqa.selenium.remote.ProtocolHandshake createSession
INFO: Detected dialect: W3C
Jan. 14, 2021 11:03:44 A.M. org.openqa.selenium.remote.ProtocolHandshake createSession
INFO: Detected dialect: W3C
Jan. 14, 2021 11:03:44 A.M. org.openqa.selenium.remote.ProtocolHandshake createSession
INFO: Detected dialect: W3C
]]></system-err>
  </testcase>
  <testcase name="validateHeader" classname="nitikag.Selenium.ValiDateTitleTest" time="0.023">
    <failure message="expected [An Academy to learn Everything about Testing] but found [AN ACADEMY TO LEARN EVERYTHING ABOUT TESTING]" type="java.lang.AssertionError"><![CDATA[java.lang.AssertionError: expected [An Academy to learn Everything about Testing] but found [AN ACADEMY TO LEARN EVERYTHING ABOUT TESTING]
	at nitikag.Selenium.ValiDateTitleTest.validateHeader(ValiDateTitleTest.java:50)
]]></failure>
  </testcase>
  <testcase name="basePageNavigation" classname="nitikag.Selenium.ValidateNavigationBarTest" time="0.04"/>
  <testcase name="basePageNavigation[nonrestricteduser@qwerty.com, 12345, Restricted User](1)" classname="nitikag.Selenium.HomePageTest" time="1.459"/>
  <testcase name="basePageNavigation[restricteduser@qwerty.com, 45678, Non Restricted User](2)" classname="nitikag.Selenium.HomePageTest" time="12.245"/>
</testsuite>